build/intermediates/manifest_merge_blame_file/debug/manifest-merger-blame-debug-report.txt
1<?xml version="1.0" encoding="utf-8"?>
2<manifest xmlns:android="http://schemas.android.com/apk/res/android"
3    package="com.ahm.capacitor.camera.preview.capacitorcamerapreview" >
4
5    <uses-sdk
6        android:minSdkVersion="22"
6-->src\main\AndroidManifest.xml
7        android:targetSdkVersion="32" />
7-->src\main\AndroidManifest.xml
8
9    <uses-permission android:name="android.permission.RECORD_AUDIO" />
9-->src\main\AndroidManifest.xml:5:7-73
9-->src\main\AndroidManifest.xml:5:24-70
10
11</manifest>